This is pdfTeX, Version 3.14159265-2.6-1.40.20 (TeX Live 2019/Debian) (preloaded format=pdflatex 2020.7.17)  23 DEC 2020 17:19
entering extended mode
 restricted \write18 enabled.
 %&-line parsing enabled.
**main.tex
(./main.tex
LaTeX2e <2020-02-02> patch level 2
L3 programming layer <2020-02-14>
(/usr/share/texlive/texmf-dist/tex/latex/koma-script/scrreprt.cls
Document Class: scrreprt 2020/01/24 v3.29 KOMA-Script document class (report)
(/usr/share/texlive/texmf-dist/tex/latex/koma-script/scrkbase.sty
Package: scrkbase 2020/01/24 v3.29 KOMA-Script package (KOMA-Script-dependent b
asics and keyval usage)

(/usr/share/texlive/texmf-dist/tex/latex/koma-script/scrbase.sty
Package: scrbase 2020/01/24 v3.29 KOMA-Script package (KOMA-Script-independent 
basics and keyval usage)

(/usr/share/texlive/texmf-dist/tex/latex/graphics/keyval.sty
Package: keyval 2014/10/28 v1.15 key=value parser (DPC)
\KV@toks@=\toks14
)
(/usr/share/texlive/texmf-dist/tex/latex/koma-script/scrlfile.sty
Package: scrlfile 2020/01/24 v3.29 KOMA-Script package (loading files)
)))
(/usr/share/texlive/texmf-dist/tex/latex/koma-script/tocbasic.sty
Package: tocbasic 2020/01/24 v3.29 KOMA-Script package (handling toc-files)
\scr@dte@tocline@numberwidth=\skip47
\scr@dte@tocline@numbox=\box45
)
Package tocbasic Info: omitting babel extension for `toc'
(tocbasic)             because of feature `nobabel' available
(tocbasic)             for `toc' on input line 137.
Class scrreprt Info: You've used standard option `openright'.
(scrreprt)           This is correct!
(scrreprt)           Internally I'm using `open=right'.
(scrreprt)           If you'd like to set the option with \KOMAoptions,
(scrreprt)           you'd have to use `open=right' there
(scrreprt)           instead of `openright', too.


Class scrreprt Warning: You've used obsolete option `tablecaptionabove'.
(scrreprt)              Usage of this option indicates an old document
(scrreprt)              and changes compatibility level using
(scrreprt)              `captions=tableheading,version=first,
(scrreprt)              enabledeprecatedfontcommands' that may result
(scrreprt)              in further warnings.
(scrreprt)              If you don't want this, you should simply
(scrreprt)              replace option `tablecaptionabove' by `captions=tablehe
ading'.

Class scrreprt Info: Switching compatibility level to `first'.

Class scrreprt Warning: deprecated option `enabledeprecatedfontcommands'.
(scrreprt)              Note, that this option was already depreacted when
(scrreprt)              it has been defined. Support for old font commands
(scrreprt)              has been removed from KOMA-Script more than one
(scrreprt)              decade ago. It is not recommended to use them any
(scrreprt)              longer. Therefore usage of this class option also
(scrreprt)              is not recommended.

Class scrreprt Info: File `scrsize11pt.clo' used instead of
(scrreprt)           file `scrsize11.clo' to setup font sizes on input line 242
1.
(/usr/share/texlive/texmf-dist/tex/latex/koma-script/scrsize11pt.clo
File: scrsize11pt.clo 2020/01/24 v3.29 KOMA-Script font size class option (11pt
)
)
(/usr/share/texlive/texmf-dist/tex/latex/koma-script/typearea.sty
Package: typearea 2020/01/24 v3.29 KOMA-Script package (type area)
\ta@bcor=\skip48
\ta@div=\count167
Package typearea Info: You've used standard option `a4paper'.
(typearea)             This is correct!
(typearea)             Internally I'm using `paper=a4'.
(typearea)             If you'd like to set the option with \KOMAoptions,
(typearea)             you'd have to use `paper=a4' there
(typearea)             instead of `a4paper', too.


Package typearea Warning: You've used obsolete option `BCOR5mm'.
(typearea)                Usage of this option indicates an old document
(typearea)                and changes compatibility level using
(typearea)                `BCOR=5mm,version=first,
(typearea)                enabledeprecatedfontcommands' that may result
(typearea)                in further warnings.
(typearea)                If you don't want this, you should simply
(typearea)                replace option `BCOR5mm' by `BCOR=5mm'.

Package typearea Info: Switching compatibility level to `first'.
\ta@hblk=\skip49
\ta@vblk=\skip50
\ta@temp=\skip51
\footheight=\skip52
Package typearea Info: These are the values describing the layout:
(typearea)             DIV  = 10
(typearea)             BCOR = 14.22636pt
(typearea)             \paperwidth      = 597.50793pt
(typearea)              \textwidth      = 408.2971pt
(typearea)              DIV departure   = -3%
(typearea)              \evensidemargin = 29.44861pt
(typearea)              \oddsidemargin  = 29.44861pt
(typearea)             \paperheight     = 845.04694pt
(typearea)              \textheight     = 514.20023pt
(typearea)              \topmargin      = 12.2347pt
(typearea)              \headheight     = 17.0pt
(typearea)              \headsep        = 20.40001pt
(typearea)              \topskip        = 11.0pt
(typearea)              \footskip       = 47.6pt
(typearea)              \baselineskip   = 13.6pt
(typearea)              on input line 1719.
)
\c@part=\count168
\c@chapter=\count169
\c@section=\count170
\c@subsection=\count171
\c@subsubsection=\count172
\c@paragraph=\count173
\c@subparagraph=\count174
\scr@dte@chapter@maxnumwidth=\skip53
Class scrreprt Info: using compatibility default `afterindent=bysign'
(scrreprt)           for `\chapter on input line 5547.
\scr@dte@section@maxnumwidth=\skip54
Class scrreprt Info: using compatibility default `runin=bysign'
(scrreprt)           for `\section on input line 5557.
Class scrreprt Info: using compatibility default `afterindent=bysign'
(scrreprt)           for `\section on input line 5557.
\scr@dte@part@maxnumwidth=\skip55
Class scrreprt Info: using compatibility default `afterindent=true'
(scrreprt)           for `\part on input line 5566.
\scr@dte@subsection@maxnumwidth=\skip56
Class scrreprt Info: using compatibility default `runin=bysign'
(scrreprt)           for `\subsection on input line 5576.
Class scrreprt Info: using compatibility default `afterindent=bysign'
(scrreprt)           for `\subsection on input line 5576.
\scr@dte@subsubsection@maxnumwidth=\skip57
Class scrreprt Info: using compatibility default `runin=bysign'
(scrreprt)           for `\subsubsection on input line 5586.
Class scrreprt Info: using compatibility default `afterindent=bysign'
(scrreprt)           for `\subsubsection on input line 5586.
\scr@dte@paragraph@maxnumwidth=\skip58
Class scrreprt Info: using compatibility default `runin=bysign'
(scrreprt)           for `\paragraph on input line 5596.
Class scrreprt Info: using compatibility default `afterindent=bysign'
(scrreprt)           for `\paragraph on input line 5596.
\scr@dte@subparagraph@maxnumwidth=\skip59
Class scrreprt Info: using compatibility default `runin=bysign'
(scrreprt)           for `\subparagraph on input line 5606.
Class scrreprt Info: using compatibility default `afterindent=bysign'
(scrreprt)           for `\subparagraph on input line 5606.
\abovecaptionskip=\skip60
\belowcaptionskip=\skip61
\c@pti@nb@sid@b@x=\box46
Package tocbasic Info: omitting babel extension for `lof'
(tocbasic)             because of feature `nobabel' available
(tocbasic)             for `lof' on input line 6842.
\scr@dte@figure@maxnumwidth=\skip62
\c@figure=\count175
Package tocbasic Info: omitting babel extension for `lot'
(tocbasic)             because of feature `nobabel' available
(tocbasic)             for `lot' on input line 6859.
\scr@dte@table@maxnumwidth=\skip63
\c@table=\count176
Class scrreprt Info: Using old \@makefntext due to compatibility level
(scrreprt)           less than 3.22 on input line 7015.
Class scrreprt Info: Redefining `\numberline' on input line 7028.
\bibindent=\dimen134
) (/usr/share/texlive/texmf-dist/tex/latex/base/fontenc.sty
Package: fontenc 2020/02/11 v2.0o Standard LaTeX package
)
(/usr/share/texlive/texmf-dist/tex/latex/base/inputenc.sty
Package: inputenc 2018/08/11 v1.3c Input encoding file
\inpenc@prehook=\toks15
\inpenc@posthook=\toks16
)
(/usr/share/texlive/texmf-dist/tex/generic/babel/babel.sty
Package: babel 2020/02/14 3.40 The Babel package

(/usr/share/texlive/texmf-dist/tex/generic/babel/switch.def
File: switch.def 2020/02/14 3.40 Babel switching mechanism
)
(/usr/share/texlive/texmf-dist/tex/generic/babel-english/english.ldf
Language: english 2017/06/06 v3.3r English support from the babel system

(/usr/share/texlive/texmf-dist/tex/generic/babel/babel.def
File: babel.def 2020/02/14 3.40 Babel common definitions
\babel@savecnt=\count177
\U@D=\dimen135

(/usr/share/texlive/texmf-dist/tex/generic/babel/txtbabel.def)
\bbl@readstream=\read2
\bbl@dirlevel=\count178
)
Package babel Info: \l@canadian = using hyphenrules for english
(babel)             (\language0) on input line 102.
Package babel Info: \l@australian = using hyphenrules for ukenglish
(babel)             (\language24) on input line 105.
Package babel Info: \l@newzealand = using hyphenrules for ukenglish
(babel)             (\language24) on input line 108.
))
(/usr/share/texlive/texmf-dist/tex/latex/amsmath/amsmath.sty
Package: amsmath 2020/01/20 v2.17e AMS math features
\@mathmargin=\skip64

For additional information on amsmath, use the `?' option.
(/usr/share/texlive/texmf-dist/tex/latex/amsmath/amstext.sty
Package: amstext 2000/06/29 v2.01 AMS text

(/usr/share/texlive/texmf-dist/tex/latex/amsmath/amsgen.sty
File: amsgen.sty 1999/11/30 v2.0 generic functions
\@emptytoks=\toks17
\ex@=\dimen136
))
(/usr/share/texlive/texmf-dist/tex/latex/amsmath/amsbsy.sty
Package: amsbsy 1999/11/29 v1.2d Bold Symbols
\pmbraise@=\dimen137
)
(/usr/share/texlive/texmf-dist/tex/latex/amsmath/amsopn.sty
Package: amsopn 2016/03/08 v2.02 operator names
)
\inf@bad=\count179
LaTeX Info: Redefining \frac on input line 227.
\uproot@=\count180
\leftroot@=\count181
LaTeX Info: Redefining \overline on input line 389.
\classnum@=\count182
\DOTSCASE@=\count183
LaTeX Info: Redefining \ldots on input line 486.
LaTeX Info: Redefining \dots on input line 489.
LaTeX Info: Redefining \cdots on input line 610.
\Mathstrutbox@=\box47
\strutbox@=\box48
\big@size=\dimen138
LaTeX Font Info:    Redeclaring font encoding OML on input line 733.
LaTeX Font Info:    Redeclaring font encoding OMS on input line 734.
\macc@depth=\count184
\c@MaxMatrixCols=\count185
\dotsspace@=\muskip16
\c@parentequation=\count186
\dspbrk@lvl=\count187
\tag@help=\toks18
\row@=\count188
\column@=\count189
\maxfields@=\count190
\andhelp@=\toks19
\eqnshift@=\dimen139
\alignsep@=\dimen140
\tagshift@=\dimen141
\tagwidth@=\dimen142
\totwidth@=\dimen143
\lineht@=\dimen144
\@envbody=\toks20
\multlinegap=\skip65
\multlinetaggap=\skip66
\mathdisplay@stack=\toks21
LaTeX Info: Redefining \[ on input line 2859.
LaTeX Info: Redefining \] on input line 2860.
)
(/usr/share/texlive/texmf-dist/tex/latex/amsfonts/amssymb.sty
Package: amssymb 2013/01/14 v3.01 AMS font symbols

(/usr/share/texlive/texmf-dist/tex/latex/amsfonts/amsfonts.sty
Package: amsfonts 2013/01/14 v3.01 Basic AMSFonts support
\symAMSa=\mathgroup4
\symAMSb=\mathgroup5
LaTeX Font Info:    Redeclaring math symbol \hbar on input line 98.
LaTeX Font Info:    Overwriting math alphabet `\mathfrak' in version `bold'
(Font)                  U/euf/m/n --> U/euf/b/n on input line 106.
))
(/usr/share/texlive/texmf-dist/tex/latex/tools/indentfirst.sty
Package: indentfirst 1995/11/23 v1.03 Indent first paragraph (DPC)
)
(/usr/share/texlive/texmf-dist/tex/latex/changepage/chngpage.sty
Package: chngpage 2009/10/20 v1.2b change page layout
\c@cp@cnt=\count191
\c@cp@tempcnt=\count192
)
(/usr/share/texlive/texmf-dist/tex/latex/tools/calc.sty
Package: calc 2017/05/25 v4.3 Infix arithmetic (KKT,FJ)
\calc@Acount=\count193
\calc@Bcount=\count194
\calc@Adimen=\dimen145
\calc@Bdimen=\dimen146
\calc@Askip=\skip67
\calc@Bskip=\skip68
LaTeX Info: Redefining \setlength on input line 80.
LaTeX Info: Redefining \addtolength on input line 81.
\calc@Ccount=\count195
\calc@Cskip=\skip69
)
(/usr/share/texlive/texmf-dist/tex/latex/graphics/graphicx.sty
Package: graphicx 2019/11/30 v1.2a Enhanced LaTeX Graphics (DPC,SPQR)

(/usr/share/texlive/texmf-dist/tex/latex/graphics/graphics.sty
Package: graphics 2019/11/30 v1.4a Standard LaTeX Graphics (DPC,SPQR)

(/usr/share/texlive/texmf-dist/tex/latex/graphics/trig.sty
Package: trig 2016/01/03 v1.10 sin cos tan (DPC)
)
(/usr/share/texlive/texmf-dist/tex/latex/graphics-cfg/graphics.cfg
File: graphics.cfg 2016/06/04 v1.11 sample graphics configuration
)
Package graphics Info: Driver file: pdftex.def on input line 105.

(/usr/share/texlive/texmf-dist/tex/latex/graphics-def/pdftex.def
File: pdftex.def 2018/01/08 v1.0l Graphics/color driver for pdftex
))
\Gin@req@height=\dimen147
\Gin@req@width=\dimen148
)
(/usr/share/texlive/texmf-dist/tex/latex/subfig/subfig.sty
Package: subfig 2005/06/28 ver: 1.3 subfig package

(/usr/share/texlive/texmf-dist/tex/latex/caption/caption.sty
Package: caption 2020/01/03 v3.4h Customizing captions (AR)

(/usr/share/texlive/texmf-dist/tex/latex/caption/caption3.sty
Package: caption3 2020/01/03 v1.8h caption3 kernel (AR)
Package caption3 Info: TeX engine: e-TeX on input line 61.
\captionmargin=\dimen149
\captionmargin@=\dimen150
\captionwidth=\dimen151
\caption@tempdima=\dimen152
\caption@indent=\dimen153
\caption@parindent=\dimen154
\caption@hangindent=\dimen155
Package caption Info: KOMA-Script document class detected.
)
Package caption Info: KOMA-Script document class.
\c@caption@flags=\count196
\c@continuedfloat=\count197
)
\c@KVtest=\count198
\sf@farskip=\skip70
\sf@captopadj=\dimen156
\sf@capskip=\skip71
\sf@nearskip=\skip72
\c@subfigure=\count199
\c@subfigure@save=\count266
\c@lofdepth=\count267
\c@subtable=\count268
\c@subtable@save=\count269
\c@lotdepth=\count270
\sf@top=\skip73
\sf@bottom=\skip74
)
(/usr/share/texlive/texmf-dist/tex/latex/lipsum/lipsum.sty
(/usr/share/texlive/texmf-dist/tex/latex/l3kernel/expl3.sty
Package: expl3 2020-02-14 L3 programming layer (loader) 

(/usr/share/texlive/texmf-dist/tex/latex/l3backend/l3backend-pdfmode.def
File: l3backend-pdfmode.def 2020-02-03 L3 backend support: PDF mode
\l__kernel_color_stack_int=\count271
\l__pdf_internal_box=\box49
))
(/usr/share/texlive/texmf-dist/tex/latex/l3packages/xparse/xparse.sty
Package: xparse 2020-02-14 L3 Experimental document command parser
\l__xparse_current_arg_int=\count272
\g__xparse_grabber_int=\count273
\l__xparse_m_args_int=\count274
\l__xparse_v_nesting_int=\count275
)
Package: lipsum 2019/01/02 v2.2 150 paragraphs of Lorem Ipsum dummy text

(/usr/share/texlive/texmf-dist/tex/latex/lipsum/lipsum.ltd.tex
File: lipsum.ltd.tex 2019/01/02 v2.2 The Lorem ipsum dummy text
))
(/usr/share/texlive/texmf-dist/tex/generic/shapepar/shapepar.sty
\cutoutsep=\skip75
Package: shapepar 2013/03/26 v 2.2x, Shaped paragraphs
\SH@scale=\dimen157
\SH@boxb=\box50
\SH@ntries=\count276
\spec@bot=\dimen158
\sqrtcount=\count277
)
(/usr/share/texlive/texmf-dist/tex/latex/psnfss/pifont.sty
Package: pifont 2005/04/12 PSNFSS-v9.2a Pi font support (SPQR) 
LaTeX Font Info:    Trying to load font information for U+pzd on input line 63.


(/usr/share/texlive/texmf-dist/tex/latex/psnfss/upzd.fd
File: upzd.fd 2001/06/04 font definitions for U/pzd.
)
LaTeX Font Info:    Trying to load font information for U+psy on input line 64.


(/usr/share/texlive/texmf-dist/tex/latex/psnfss/upsy.fd
File: upsy.fd 2001/06/04 font definitions for U/psy.
))
(/usr/share/texlive/texmf-dist/tex/latex/classicthesis/classicthesis.sty
Package: classicthesis 2018/06/03 v4.6 Typographic style for a classic-looking 
thesis

(/usr/share/texlive/texmf-dist/tex/latex/base/ifthen.sty
Package: ifthen 2014/09/29 v1.1c Standard LaTeX ifthen package (DPC)
)
(/usr/share/texlive/texmf-dist/tex/latex/kvoptions/kvoptions.sty
Package: kvoptions 2019/11/29 v3.13 Key value format for package options (HO)

(/usr/share/texlive/texmf-dist/tex/generic/ltxcmds/ltxcmds.sty
Package: ltxcmds 2019/12/15 v1.24 LaTeX kernel commands for general use (HO)
)
(/usr/share/texlive/texmf-dist/tex/generic/kvsetkeys/kvsetkeys.sty
Package: kvsetkeys 2019/12/15 v1.18 Key value parser (HO)
))
(/usr/share/texlive/texmf-dist/tex/latex/listings/listings.sty
\lst@mode=\count278
\lst@gtempboxa=\box51
\lst@token=\toks22
\lst@length=\count279
\lst@currlwidth=\dimen159
\lst@column=\count280
\lst@pos=\count281
\lst@lostspace=\dimen160
\lst@width=\dimen161
\lst@newlines=\count282
\lst@lineno=\count283
\lst@maxwidth=\dimen162

(/usr/share/texlive/texmf-dist/tex/latex/listings/lstmisc.sty
File: lstmisc.sty 2019/09/10 1.8c (Carsten Heinz)
\c@lstnumber=\count284
\lst@skipnumbers=\count285
\lst@framebox=\box52
)
(/usr/share/texlive/texmf-dist/tex/latex/listings/listings.cfg
File: listings.cfg 2019/09/10 1.8c listings configuration
))
Package: listings 2019/09/10 1.8c (Carsten Heinz)

(/usr/share/texlive/texmf-dist/tex/generic/iftex/ifpdf.sty
Package: ifpdf 2019/10/25 v3.4 ifpdf legacy package. Use iftex instead.

(/usr/share/texlive/texmf-dist/tex/generic/iftex/iftex.sty
Package: iftex 2019/11/07 v1.0c TeX engine tests
))
(/usr/share/texlive/texmf-dist/tex/generic/iftex/ifxetex.sty
Package: ifxetex 2019/10/25 v0.7 ifxetex legacy package. Use iftex instead.
)
(/usr/share/texlive/texmf-dist/tex/generic/iftex/ifluatex.sty
Package: ifluatex 2019/10/25 v1.5 ifluatex legacy package. Use iftex instead.
)
(/usr/share/texlive/texmf-dist/tex/latex/xcolor/xcolor.sty
Package: xcolor 2016/05/11 v2.12 LaTeX color extensions (UK)

(/usr/share/texlive/texmf-dist/tex/latex/graphics-cfg/color.cfg
File: color.cfg 2016/01/02 v1.6 sample color configuration
)
Package xcolor Info: Driver file: pdftex.def on input line 225.
Package xcolor Info: Model `cmy' substituted by `cmy0' on input line 1348.
Package xcolor Info: Model `hsb' substituted by `rgb' on input line 1352.
Package xcolor Info: Model `RGB' extended on input line 1364.
Package xcolor Info: Model `HTML' substituted by `rgb' on input line 1366.
Package xcolor Info: Model `Hsb' substituted by `hsb' on input line 1367.
Package xcolor Info: Model `tHsb' substituted by `hsb' on input line 1368.
Package xcolor Info: Model `HSB' substituted by `hsb' on input line 1369.
Package xcolor Info: Model `Gray' substituted by `gray' on input line 1370.
Package xcolor Info: Model `wave' substituted by `hsb' on input line 1371.

(/usr/share/texlive/texmf-dist/tex/latex/graphics/dvipsnam.def
File: dvipsnam.def 2016/06/17 v3.0m Driver-dependent file (DPC,SPQR)
))
(/usr/share/texlive/texmf-dist/tex/latex/psnfss/mathpazo.sty
Package: mathpazo 2005/04/12 PSNFSS-v9.2a Palatino w/ Pazo Math (D.Puga, WaS) 
\symupright=\mathgroup6
)
(/usr/share/texlive/texmf-dist/tex/latex/bera/beramono.sty
Package: beramono 2004/01/31 (WaS)
)
(/usr/share/texlive/texmf-dist/tex/latex/eulervm/eulervm.sty
Package: eulervm 2005/01/11 v4.0 (WaS)
)
LaTeX Font Info:    Trying to load font information for U+eur on input line 202
.

(/usr/share/texlive/texmf-dist/tex/latex/amsfonts/ueur.fd
File: ueur.fd 2013/01/14 v3.01 Euler Roman
)
(/usr/share/texlive/texmf-dist/tex/latex/microtype/microtype.sty
Package: microtype 2019/11/18 v2.7d Micro-typographical refinements (RS)
\MT@toks=\toks23
\MT@count=\count286
LaTeX Info: Redefining \textls on input line 790.
\MT@outer@kern=\dimen163
LaTeX Info: Redefining \textmicrotypecontext on input line 1354.
\MT@listname@count=\count287

(/usr/share/texlive/texmf-dist/tex/latex/microtype/microtype-pdftex.def
File: microtype-pdftex.def 2019/11/18 v2.7d Definitions specific to pdftex (RS)

LaTeX Info: Redefining \lsstyle on input line 914.
LaTeX Info: Redefining \lslig on input line 914.
\MT@outer@space=\skip76
)
Package microtype Info: Loading configuration file microtype.cfg.

(/usr/share/texlive/texmf-dist/tex/latex/microtype/microtype.cfg
File: microtype.cfg 2019/11/18 v2.7d microtype main configuration file (RS)
))
Package classicthesis Info: A4 paper, Palatino or other on input line 251.
Package typearea Info: These are the values describing the layout:
(typearea)             DIV  = areaset
(typearea)             BCOR = 14.22636pt
(typearea)             \paperwidth      = 597.50793pt
(typearea)              \textwidth      = 336.0pt
(typearea)              \evensidemargin = 65.59715pt
(typearea)              \oddsidemargin  = 65.59715pt
(typearea)             \paperheight     = 845.04694pt
(typearea)              \textheight     = 666.04997pt
(typearea)              \topmargin      = -40.58768pt
(typearea)              \headheight     = 15.95pt
(typearea)              \headsep        = 20.40001pt
(typearea)              \topskip        = 11.0pt
(typearea)              \footskip       = 47.60002pt
(typearea)              \baselineskip   = 13.6pt
(typearea)              on input line 251.

(/usr/share/texlive/texmf-dist/tex/latex/mparhack/mparhack.sty
Package: mparhack 2005/04/17 v1.4 (T. Sgouros and S. Ulrich)
)
(/usr/share/texlive/texmf-dist/tex/latex/booktabs/booktabs.sty
Package: booktabs 2020/01/12 v1.61803398 Publication quality tables
\heavyrulewidth=\dimen164
\lightrulewidth=\dimen165
\cmidrulewidth=\dimen166
\belowrulesep=\dimen167
\belowbottomsep=\dimen168
\aboverulesep=\dimen169
\abovetopsep=\dimen170
\cmidrulesep=\dimen171
\cmidrulekern=\dimen172
\defaultaddspace=\dimen173
\@cmidla=\count288
\@cmidlb=\count289
\@aboverulesep=\dimen174
\@belowrulesep=\dimen175
\@thisruleclass=\count290
\@lastruleclass=\count291
\@thisrulewidth=\dimen176
)
(/usr/share/texlive/texmf-dist/tex/latex/textcase/textcase.sty
Package: textcase 2019/09/14 v1.00 Text only upper/lower case changing (DPC)
)
Package classicthesis Info: Using microtype for character spacing.Make sure you
r pdflatex is version 1.40 or higher. on input line 321.

(/usr/share/texlive/texmf-dist/tex/latex/koma-script/scrlayer-scrpage.sty
Package: scrlayer-scrpage 2020/01/24 v3.29 KOMA-Script package (end user interf
ace for scrlayer)

(/usr/share/texlive/texmf-dist/tex/latex/koma-script/scrlayer.sty
Package: scrlayer 2020/01/24 v3.29 KOMA-Script package (defining layers and pag
e styles)
Package scrlayer Info: Using already defined \footheight
(scrlayer)             hoping, that this is a length and
(scrlayer)             not only a macro on input line 109.
Package scrlayer Info: patching LaTeX kernel macro \pagestyle on input line 210
6.
)
Package scrlayer-scrpage Info: Makeing stand-alone element `pagehead' from
(scrlayer-scrpage)             alias to `pageheadfoot' on input line 1244.
Package scrlayer-scrpage Info: deactivating warning for font element
(scrlayer-scrpage)             `pagefoot' on input line 1271.
)
Package scrlayer-scrpage Info: auto-selection of `pagestyleset=KOMA-Script'.

1: section
1: chapter
1: chapter
1: section
(/usr/share/texlive/texmf-dist/tex/latex/titlesec/titlesec.sty
Package: titlesec 2019/10/16 v2.13 Sectioning titles
\ttl@box=\box53
\beforetitleunit=\skip77
\aftertitleunit=\skip78
\ttl@plus=\dimen177
\ttl@minus=\dimen178
\ttl@toksa=\toks24
\titlewidth=\dimen179
\titlewidthlast=\dimen180
\titlewidthfirst=\dimen181


Package titlesec Warning: Non standard sectioning command \section
(titlesec)                detected. Using default spacing and no format.


Package titlesec Warning: Non standard sectioning command \subsection
(titlesec)                detected. Using default spacing and no format.


Package titlesec Warning: Non standard sectioning command \subsubsection
(titlesec)                detected. Using default spacing and no format.


Package titlesec Warning: Non standard sectioning command \paragraph
(titlesec)                detected. Using default spacing and no format.


Package titlesec Warning: Non standard sectioning command \subparagraph
(titlesec)                detected. Using default spacing and no format.

)
Class scrreprt Info: Unknown `titesec' release.
(scrreprt)           Cross your fingers, that is compatible on input line 362.


Class scrreprt Warning: Usage of package `tocloft' together
(scrreprt)              with a KOMA-Script class is not recommended.
(scrreprt)              I'd suggest to use options like `listof=entryprefix',
(scrreprt)              commands like `\listoflofentryname' or
(scrreprt)              `\listoflotentryname', and `\DeclareTOCStyleEntry' or
(scrreprt)              `\RedeclareSectionCommand' instead of this package,
(scrreprt)              because it breaks several KOMA-Script features of
(scrreprt)              the list of figures, list of tables and table of
(scrreprt)              contents, i.e., options like `listof=numbered',
(scrreprt)              `listof=flat or `toc=flat', commands like
(scrreprt)              `\BeforeTOCHead{...}' and `\AfterTOCHead{...}',
(scrreprt)              `\BeforeStartingTOC{...}' and \AfterStartingTOC{...}',
(scrreprt)              all features of `\DeclareTOCStyleEntry',
(scrreprt)              and the ToC entry features of `\DeclareSecionCommand'
(scrreprt)              and `\RedeclareSectionCommand' of levels
(scrreprt)              `part', `section', `subsection',
(scrreprt)              `subsubsection', `paragraph' and `subparagraph'.
(scrreprt)              Nevertheless, using requested
(scrreprt)              package `tocloft' on input line 416.

(/usr/share/texlive/texmf-dist/tex/latex/tocloft/tocloft.sty
Package: tocloft 2017/08/31 v2.3i parameterised ToC, etc., typesetting
Package tocloft Info: The document has chapter divisions on input line 51.
\cftparskip=\skip79
\cftbeforetoctitleskip=\skip80
\cftaftertoctitleskip=\skip81
\cftbeforepartskip=\skip82
\cftpartnumwidth=\skip83
\cftpartindent=\skip84
\cftbeforechapskip=\skip85
\cftchapindent=\skip86
\cftchapnumwidth=\skip87
\cftbeforesecskip=\skip88
\cftsecindent=\skip89
\cftsecnumwidth=\skip90
\cftbeforesubsecskip=\skip91
\cftsubsecindent=\skip92
\cftsubsecnumwidth=\skip93
\cftbeforesubsubsecskip=\skip94
\cftsubsubsecindent=\skip95
\cftsubsubsecnumwidth=\skip96
\cftbeforeparaskip=\skip97
\cftparaindent=\skip98
\cftparanumwidth=\skip99
\cftbeforesubparaskip=\skip100
\cftsubparaindent=\skip101
\cftsubparanumwidth=\skip102
\cftbeforeloftitleskip=\skip103
\cftafterloftitleskip=\skip104
\cftbeforefigskip=\skip105
\cftfigindent=\skip106
\cftfignumwidth=\skip107
\cftbeforelottitleskip=\skip108
\cftafterlottitleskip=\skip109
\cftbeforetabskip=\skip110
\cfttabindent=\skip111
\cfttabnumwidth=\skip112
\cftbeforesubfigskip=\skip113
\cftsubfigindent=\skip114
\cftsubfignumwidth=\skip115
\cftbeforesubtabskip=\skip116
\cftsubtabindent=\skip117
\cftsubtabnumwidth=\skip118
)
\newnumberwidth=\skip119
\beforebibskip=\skip120
\newchnumberwidth=\skip121
\figurelabelwidth=\skip122
\tablelabelwidth=\skip123
\c@listings=\count292
\cftbeforelistingsskip=\skip124
\cftlistingsindent=\skip125
\cftlistingsnumwidth=\skip126
\c@loldepth=\count293
\cftbeforeloltitleskip=\skip127
\cftafterloltitleskip=\skip128
\listingslabelwidth=\skip129
Class scrreprt Info: Using old \@makefntext due to compatibility level
(scrreprt)           less than 3.22 on input line 599.

Using KOMA-command "deffootnote" for footnote setup
(/usr/share/texlive/texmf-dist/tex/latex/koma-script/scrtime.sty
Package: scrtime 2020/01/24 v3.29 KOMA-Script package (time of LaTeX run)
)
(/usr/share/texlive/texmf-dist/tex/latex/carlisle/remreset.sty

Package remreset Warning: The remreset package is obsolete:
(remreset)                \@removefomresset is defined.

) (/usr/share/texlive/texmf-dist/tex/latex/hyperref/hyperref.sty
Package: hyperref 2020/01/14 v7.00d Hypertext links for LaTeX

(/usr/share/texlive/texmf-dist/tex/latex/pdftexcmds/pdftexcmds.sty
Package: pdftexcmds 2019/11/24 v0.31 Utility functions of pdfTeX for LuaTeX (HO
)

(/usr/share/texlive/texmf-dist/tex/generic/infwarerr/infwarerr.sty
Package: infwarerr 2019/12/03 v1.5 Providing info/warning/error messages (HO)
)
Package pdftexcmds Info: \pdf@primitive is available.
Package pdftexcmds Info: \pdf@ifprimitive is available.
Package pdftexcmds Info: \pdfdraftmode found.
)
(/usr/share/texlive/texmf-dist/tex/generic/kvdefinekeys/kvdefinekeys.sty
Package: kvdefinekeys 2019-12-19 v1.6 Define keys (HO)
)
(/usr/share/texlive/texmf-dist/tex/generic/pdfescape/pdfescape.sty
Package: pdfescape 2019/12/09 v1.15 Implements pdfTeX's escape features (HO)
)
(/usr/share/texlive/texmf-dist/tex/latex/hycolor/hycolor.sty
Package: hycolor 2020-01-27 v1.10 Color options for hyperref/bookmark (HO)
)
(/usr/share/texlive/texmf-dist/tex/latex/letltxmacro/letltxmacro.sty
Package: letltxmacro 2019/12/03 v1.6 Let assignment for LaTeX macros (HO)
)
(/usr/share/texlive/texmf-dist/tex/latex/auxhook/auxhook.sty
Package: auxhook 2019-12-17 v1.6 Hooks for auxiliary files (HO)
)
\@linkdim=\dimen182
\Hy@linkcounter=\count294
\Hy@pagecounter=\count295

(/usr/share/texlive/texmf-dist/tex/latex/hyperref/pd1enc.def
File: pd1enc.def 2020/01/14 v7.00d Hyperref: PDFDocEncoding definition (HO)
Now handling font encoding PD1 ...
... no UTF-8 mapping file for font encoding PD1
)
(/usr/share/texlive/texmf-dist/tex/generic/intcalc/intcalc.sty
Package: intcalc 2019/12/15 v1.3 Expandable calculations with integers (HO)
)
(/usr/share/texlive/texmf-dist/tex/generic/etexcmds/etexcmds.sty
Package: etexcmds 2019/12/15 v1.7 Avoid name clashes with e-TeX commands (HO)
)
\Hy@SavedSpaceFactor=\count296
\pdfmajorversion=\count297
Package hyperref Info: Option `hyperfootnotes' set `false' on input line 4421.
Package hyperref Info: Hyper figures OFF on input line 4547.
Package hyperref Info: Link nesting OFF on input line 4552.
Package hyperref Info: Hyper index ON on input line 4555.
Package hyperref Info: Plain pages OFF on input line 4562.
Package hyperref Info: Backreferencing OFF on input line 4567.
Package hyperref Info: Implicit mode ON; LaTeX internals redefined.
Package hyperref Info: Bookmarks ON on input line 4800.
\c@Hy@tempcnt=\count298

(/usr/share/texlive/texmf-dist/tex/latex/url/url.sty
\Urlmuskip=\muskip17
Package: url 2013/09/16  ver 3.4  Verb mode for urls, etc.
)
LaTeX Info: Redefining \url on input line 5159.
\XeTeXLinkMargin=\dimen183

(/usr/share/texlive/texmf-dist/tex/generic/bitset/bitset.sty
Package: bitset 2019/12/09 v1.3 Handle bit-vector datatype (HO)

(/usr/share/texlive/texmf-dist/tex/generic/bigintcalc/bigintcalc.sty
Package: bigintcalc 2019/12/15 v1.5 Expandable calculations on big integers (HO
)
))
\Fld@menulength=\count299
\Field@Width=\dimen184
\Fld@charsize=\dimen185
Package hyperref Info: Hyper figures OFF on input line 6430.
Package hyperref Info: Link nesting OFF on input line 6435.
Package hyperref Info: Hyper index ON on input line 6438.
Package hyperref Info: backreferencing OFF on input line 6445.
Package hyperref Info: Link coloring OFF on input line 6450.
Package hyperref Info: Link coloring with OCG OFF on input line 6455.
Package hyperref Info: PDF/A mode OFF on input line 6460.
LaTeX Info: Redefining \ref on input line 6500.
LaTeX Info: Redefining \pageref on input line 6504.

(/usr/share/texlive/texmf-dist/tex/generic/atbegshi/atbegshi.sty
Package: atbegshi 2019/12/05 v1.19 At begin shipout hook (HO)
)
\Hy@abspage=\count300
\c@Item=\count301
)
Package hyperref Info: Driver (autodetected): hpdftex.

(/usr/share/texlive/texmf-dist/tex/latex/hyperref/hpdftex.def
File: hpdftex.def 2020/01/14 v7.00d Hyperref driver for pdfTeX

(/usr/share/texlive/texmf-dist/tex/latex/atveryend/atveryend.sty
Package: atveryend 2019-12-11 v1.11 Hooks at the very end of document (HO)
Package atveryend Info: \enddocument detected (standard20110627).
)
\Fld@listcount=\count302
\c@bookmark@seq@number=\count303

(/usr/share/texlive/texmf-dist/tex/latex/rerunfilecheck/rerunfilecheck.sty
Package: rerunfilecheck 2019/12/05 v1.9 Rerun checks for auxiliary files (HO)

(/usr/share/texlive/texmf-dist/tex/generic/uniquecounter/uniquecounter.sty
Package: uniquecounter 2019/12/15 v1.4 Provide unlimited unique counter (HO)
)
Package uniquecounter Info: New unique counter `rerunfilecheck' on input line 2
86.
)
\Hy@SectionHShift=\skip130
)
Package hyperref Info: Option `colorlinks' set `true' on input line 679.
Package hyperref Info: Option `linktocpage' set `true' on input line 679.
Package hyperref Info: Option `breaklinks' set `true' on input line 679.
)
(./arsclassica.sty
Package: arsclassica 2017/10/31
Package typearea Info: These are the values describing the layout:
(typearea)             DIV  = areaset
(typearea)             BCOR = 14.22636pt
(typearea)             \paperwidth      = 597.50793pt
(typearea)              \textwidth      = 370.0pt
(typearea)              \evensidemargin = 48.59715pt
(typearea)              \oddsidemargin  = 48.59715pt
(typearea)             \paperheight     = 845.04694pt
(typearea)              \textheight     = 700.04997pt
(typearea)              \topmargin      = -51.92102pt
(typearea)              \headheight     = 15.95pt
(typearea)              \headsep        = 20.40001pt
(typearea)              \topskip        = 11.0pt
(typearea)              \footskip       = 47.60002pt
(typearea)              \baselineskip   = 13.6pt
(typearea)              on input line 17.
LaTeX Info: Redefining \spacedallcaps on input line 48.
LaTeX Info: Redefining \spacedlowsmallcaps on input line 50.
Package hyperref Info: Option `colorlinks' set `true' on input line 184.
Package hyperref Info: Option `linktocpage' set `true' on input line 184.
Package hyperref Info: Option `breaklinks' set `true' on input line 184.
Package hyperref Info: Option `pageanchor' set `true' on input line 184.
Package hyperref Info: Option `plainpages' set `false' on input line 184.
Package hyperref Info: Option `bookmarksnumbered' set `true' on input line 184.

Package hyperref Info: Option `bookmarksopen' set `true' on input line 184.
Package hyperref Info: Option `hypertexnames' set `true' on input line 184.


Package hyperref Warning: Option `hyperfootnotes' has already been used,
(hyperref)                setting the option has no effect on input line 184.


Package hyperref Warning: Option `pdfpagelabels' has already been used,
(hyperref)                setting the option has no effect on input line 184.

) (/usr/share/texlive/texmf-dist/tex/latex/ccicons/ccicons.sty
Package: ccicons 2017/10/30 v1.6 LaTeX support for Creative Commons icons

(/usr/share/texlive/texmf-dist/tex/latex/xkeyval/xkeyval.sty
Package: xkeyval 2014/12/03 v2.7a package option processing (HA)

(/usr/share/texlive/texmf-dist/tex/generic/xkeyval/xkeyval.tex
(/usr/share/texlive/texmf-dist/tex/generic/xkeyval/xkvutils.tex
\XKV@toks=\toks25
\XKV@tempa@toks=\toks26
)
\XKV@depth=\count304
File: xkeyval.tex 2014/12/03 v2.7a key=value parser (HA)
)))
(/usr/share/texlive/texmf-dist/tex/latex/float/float.sty
Package: float 2001/11/08 v1.3d Float enhancements (AL)
\c@float@type=\count305
\float@exts=\toks27
\float@box=\box54
\@float@everytoks=\toks28
\@floatcapt=\box55
)
(/usr/share/texlive/texmf-dist/tex/latex/wrapfig/wrapfig.sty
\wrapoverhang=\dimen186
\WF@size=\dimen187
\c@WF@wrappedlines=\count306
\WF@box=\box56
\WF@everypar=\toks29
Package: wrapfig 2003/01/31  v 3.6
)
(/usr/share/texlive/texmf-dist/tex/latex/colortbl/colortbl.sty
Package: colortbl 2020/01/04 v1.0e Color table columns (DPC)

(/usr/share/texlive/texmf-dist/tex/latex/tools/array.sty
Package: array 2019/08/31 v2.4l Tabular extension package (FMi)
\col@sep=\dimen188
\ar@mcellbox=\box57
\extrarowheight=\dimen189
\NC@list=\toks30
\extratabsurround=\skip131
\backup@length=\skip132
\ar@cellbox=\box58
)
\everycr=\toks31
\minrowclearance=\skip133
)
LaTeX Info: Redefining \classicthesis on input line 34.
\c@dummy=\count307

(/usr/share/texlive/texmf-dist/tex/latex/acronym/acronym.sty
Package: acronym 2019/11/11 v1.42 Support for acronyms (Tobias Oetiker)

(/usr/share/texlive/texmf-dist/tex/latex/bigfoot/suffix.sty
Package: suffix 2006/07/15 1.5a Variant command support
)
(/usr/share/texlive/texmf-dist/tex/generic/xstring/xstring.sty
(/usr/share/texlive/texmf-dist/tex/generic/xstring/xstring.tex
\integerpart=\count308
\decimalpart=\count309
)
Package: xstring 2019/02/06 v1.83 String manipulations (CT)
)
\AC@clearlist=\toks32
)
(/usr/share/texlive/texmf-dist/tex/latex/listings/lstlang1.sty
File: lstlang1.sty 2019/09/10 1.8c listings language file
)
(/usr/share/texlive/texmf-dist/tex/latex/biblatex/biblatex.sty
Package: biblatex 2019/12/01 v3.14 programmable bibliographies (PK/MW)

(/usr/share/texlive/texmf-dist/tex/latex/etoolbox/etoolbox.sty
Package: etoolbox 2019/09/21 v2.5h e-TeX tools for LaTeX (JAW)
\etb@tempcnta=\count310
)
(/usr/share/texlive/texmf-dist/tex/latex/logreq/logreq.sty
Package: logreq 2010/08/04 v1.0 xml request logger
\lrq@indent=\count311

(/usr/share/texlive/texmf-dist/tex/latex/logreq/logreq.def
File: logreq.def 2010/08/04 v1.0 logreq spec v1.0
))
\c@tabx@nest=\count312
\c@listtotal=\count313
\c@listcount=\count314
\c@liststart=\count315
\c@liststop=\count316
\c@citecount=\count317
\c@citetotal=\count318
\c@multicitecount=\count319
\c@multicitetotal=\count320
\c@instcount=\count321
\c@maxnames=\count322
\c@minnames=\count323
\c@maxitems=\count324
\c@minitems=\count325
\c@citecounter=\count326
\c@maxcitecounter=\count327
\c@savedcitecounter=\count328
\c@uniquelist=\count329
\c@uniquename=\count330
\c@refsection=\count331
\c@refsegment=\count332
\c@maxextratitle=\count333
\c@maxextratitleyear=\count334
\c@maxextraname=\count335
\c@maxextradate=\count336
\c@maxextraalpha=\count337
\c@abbrvpenalty=\count338
\c@highnamepenalty=\count339
\c@lownamepenalty=\count340
\c@maxparens=\count341
\c@parenlevel=\count342
\blx@tempcnta=\count343
\blx@tempcntb=\count344
\blx@tempcntc=\count345
\blx@maxsection=\count346
\blx@maxsegment@0=\count347
\blx@notetype=\count348
\blx@parenlevel@text=\count349
\blx@parenlevel@foot=\count350
\blx@sectionciteorder@0=\count351
\blx@entrysetcounter=\count352
\labelnumberwidth=\skip134
\labelalphawidth=\skip135
\biblabelsep=\skip136
\bibitemsep=\skip137
\bibnamesep=\skip138
\bibinitsep=\skip139
\bibparsep=\skip140
\bibhang=\skip141
\blx@bcfin=\read3
\blx@bcfout=\write3
\blx@langwohyphens=\language85
\c@mincomprange=\count353
\c@maxcomprange=\count354
\c@mincompwidth=\count355
Package biblatex Info: Trying to load biblatex default data model...
Package biblatex Info: ... file 'blx-dm.def' found.

(/usr/share/texlive/texmf-dist/tex/latex/biblatex/blx-dm.def
File: blx-dm.def 2019/12/01 v3.14 biblatex localization (PK/MW)
)
Package biblatex Info: Trying to load biblatex custom data model...
Package biblatex Info: ... file 'biblatex-dm.cfg' not found.
\c@afterword=\count356
\c@savedafterword=\count357
\c@annotator=\count358
\c@savedannotator=\count359
\c@author=\count360
\c@savedauthor=\count361
\c@bookauthor=\count362
\c@savedbookauthor=\count363
\c@commentator=\count364
\c@savedcommentator=\count365
\c@editor=\count366
\c@savededitor=\count367
\c@editora=\count368
\c@savededitora=\count369
\c@editorb=\count370
\c@savededitorb=\count371
\c@editorc=\count372
\c@savededitorc=\count373
\c@foreword=\count374
\c@savedforeword=\count375
\c@holder=\count376
\c@savedholder=\count377
\c@introduction=\count378
\c@savedintroduction=\count379
\c@namea=\count380
\c@savednamea=\count381
\c@nameb=\count382
\c@savednameb=\count383
\c@namec=\count384
\c@savednamec=\count385
\c@translator=\count386
\c@savedtranslator=\count387
\c@shortauthor=\count388
\c@savedshortauthor=\count389
\c@shorteditor=\count390
\c@savedshorteditor=\count391
\c@labelname=\count392
\c@savedlabelname=\count393
\c@institution=\count394
\c@savedinstitution=\count395
\c@lista=\count396
\c@savedlista=\count397
\c@listb=\count398
\c@savedlistb=\count399
\c@listc=\count400
\c@savedlistc=\count401
\c@listd=\count402
\c@savedlistd=\count403
\c@liste=\count404
\c@savedliste=\count405
\c@listf=\count406
\c@savedlistf=\count407
\c@location=\count408
\c@savedlocation=\count409
\c@organization=\count410
\c@savedorganization=\count411
\c@origlocation=\count412
\c@savedoriglocation=\count413
\c@origpublisher=\count414
\c@savedorigpublisher=\count415
\c@publisher=\count416
\c@savedpublisher=\count417
\c@language=\count418
\c@savedlanguage=\count419
\c@origlanguage=\count420
\c@savedoriglanguage=\count421
\c@pageref=\count422
\c@savedpageref=\count423
\shorthandwidth=\skip142
\shortjournalwidth=\skip143
\shortserieswidth=\skip144
\shorttitlewidth=\skip145
\shortauthorwidth=\skip146
\shorteditorwidth=\skip147
\locallabelnumberwidth=\skip148
\locallabelalphawidth=\skip149
\localshorthandwidth=\skip150
\localshortjournalwidth=\skip151
\localshortserieswidth=\skip152
\localshorttitlewidth=\skip153
\localshortauthorwidth=\skip154
\localshorteditorwidth=\skip155
Package biblatex Info: Trying to load compatibility code...
Package biblatex Info: ... file 'blx-compat.def' found.

(/usr/share/texlive/texmf-dist/tex/latex/biblatex/blx-compat.def
File: blx-compat.def 2019/12/01 v3.14 biblatex compatibility (PK/MW)
)
Package biblatex Info: Trying to load generic definitions...
Package biblatex Info: ... file 'biblatex.def' found.

(/usr/share/texlive/texmf-dist/tex/latex/biblatex/biblatex.def
File: biblatex.def 2019/12/01 v3.14 biblatex compatibility (PK/MW)
\c@textcitecount=\count424
\c@textcitetotal=\count425
\c@textcitemaxnames=\count426
\c@biburlbigbreakpenalty=\count427
\c@biburlbreakpenalty=\count428
\c@biburlnumpenalty=\count429
\c@biburlucpenalty=\count430
\c@biburllcpenalty=\count431
\biburlbigskip=\muskip18
\biburlnumskip=\muskip19
\biburlucskip=\muskip20
\biburllcskip=\muskip21
\c@smartand=\count432
)
Package biblatex Info: Trying to load bibliography style 'numeric'...
Package biblatex Info: ... file 'numeric.bbx' found.

(/usr/share/texlive/texmf-dist/tex/latex/biblatex/bbx/numeric.bbx
File: numeric.bbx 2019/12/01 v3.14 biblatex bibliography style (PK/MW)
Package biblatex Info: Trying to load bibliography style 'standard'...
Package biblatex Info: ... file 'standard.bbx' found.

(/usr/share/texlive/texmf-dist/tex/latex/biblatex/bbx/standard.bbx
File: standard.bbx 2019/12/01 v3.14 biblatex bibliography style (PK/MW)
\c@bbx:relatedcount=\count433
\c@bbx:relatedtotal=\count434
))
Package biblatex Info: Trying to load citation style 'numeric'...
Package biblatex Info: ... file 'numeric.cbx' found.

(/usr/share/texlive/texmf-dist/tex/latex/biblatex/cbx/numeric.cbx
File: numeric.cbx 2019/12/01 v3.14 biblatex citation style (PK/MW)
Package biblatex Info: Redefining '\cite'.
Package biblatex Info: Redefining '\parencite'.
Package biblatex Info: Redefining '\footcite'.
Package biblatex Info: Redefining '\footcitetext'.
Package biblatex Info: Redefining '\smartcite'.
Package biblatex Info: Redefining '\supercite'.
Package biblatex Info: Redefining '\textcite'.
Package biblatex Info: Redefining '\textcites'.
Package biblatex Info: Redefining '\cites'.
Package biblatex Info: Redefining '\parencites'.
Package biblatex Info: Redefining '\smartcites'.
)
Package biblatex Info: Trying to load configuration file...
Package biblatex Info: ... file 'biblatex.cfg' found.

(/usr/share/texlive/texmf-dist/tex/latex/biblatex/biblatex.cfg
File: biblatex.cfg 
))

Package biblatex Warning: 'babel/polyglossia' detected but 'csquotes' missing.
(biblatex)                Loading 'csquotes' recommended.

\@quotelevel=\count435
\@quotereset=\count436
(./main.aux)
\openout1 = `main.aux'.

LaTeX Font Info:    Checking defaults for OML/cmm/m/it on input line 70.
LaTeX Font Info:    ... okay on input line 70.
LaTeX Font Info:    Checking defaults for OMS/cmsy/m/n on input line 70.
LaTeX Font Info:    ... okay on input line 70.
LaTeX Font Info:    Checking defaults for OT1/cmr/m/n on input line 70.
LaTeX Font Info:    ... okay on input line 70.
LaTeX Font Info:    Checking defaults for T1/cmr/m/n on input line 70.
LaTeX Font Info:    ... okay on input line 70.
LaTeX Font Info:    Checking defaults for TS1/cmr/m/n on input line 70.
LaTeX Font Info:    ... okay on input line 70.
LaTeX Font Info:    Checking defaults for OMX/cmex/m/n on input line 70.
LaTeX Font Info:    ... okay on input line 70.
LaTeX Font Info:    Checking defaults for U/cmr/m/n on input line 70.
LaTeX Font Info:    ... okay on input line 70.
LaTeX Font Info:    Checking defaults for PD1/pdf/m/n on input line 70.
LaTeX Font Info:    ... okay on input line 70.
LaTeX Font Info:    Trying to load font information for T1+pplj on input line 7
0.
 (/usr/share/texlive/texmf-dist/tex/latex/psnfss/t1pplj.fd
File: t1pplj.fd 2004/09/06 font definitions for T1/pplj.
)
Package scrbase Info: activating english \contentsname on input line 70.
Package scrbase Info: activating english \listfigurename on input line 70.
Package scrbase Info: activating english \listtablename on input line 70.

(/usr/share/texlive/texmf-dist/tex/context/base/mkii/supp-pdf.mkii
[Loading MPS to PDF converter (version 2006.09.02).]
\scratchcounter=\count437
\scratchdimen=\dimen190
\scratchbox=\box59
\nofMPsegments=\count438
\nofMParguments=\count439
\everyMPshowfont=\toks33
\MPscratchCnt=\count440
\MPscratchDim=\dimen191
\MPnumerator=\count441
\makeMPintoPDFobject=\count442
\everyMPtoPDFconversion=\toks34
) (/usr/share/texlive/texmf-dist/tex/latex/epstopdf-pkg/epstopdf-base.sty
Package: epstopdf-base 2020-01-24 v2.11 Base part for package epstopdf

(/usr/share/texlive/texmf-dist/tex/latex/grfext/grfext.sty
Package: grfext 2019/12/03 v1.3 Manage graphics extensions (HO)
)
Package epstopdf-base Info: Redefining graphics rule for `.eps' on input line 4
85.
Package grfext Info: Graphics extension search list:
(grfext)             [.pdf,.png,.jpg,.mps,.jpeg,.jbig2,.jb2,.PDF,.PNG,.JPG,.JPE
G,.JBIG2,.JB2,.eps]
(grfext)             \AppendGraphicsExtensions on input line 504.

(/usr/share/texlive/texmf-dist/tex/latex/latexconfig/epstopdf-sys.cfg
File: epstopdf-sys.cfg 2010/07/13 v1.3 Configuration of (r)epstopdf for TeX Liv
e
))
Package caption Info: Begin \AtBeginDocument code.
Package caption Info: subfig package v1.3 is loaded.
Package caption Info: float package is loaded.
Package caption Info: hyperref package is loaded.
Package caption Info: listings package is loaded.
Package caption Info: wrapfig package is loaded.
Package caption Info: End \AtBeginDocument code.
\c@lstlisting=\count443
LaTeX Info: Redefining \microtypecontext on input line 70.
Package microtype Info: Generating PDF output.
Package microtype Info: Character protrusion enabled (level 2).
Package microtype Info: Using default protrusion set `alltext'.
Package microtype Info: No font expansion.
Package microtype Info: No adjustment of tracking.
Package microtype Info: No adjustment of interword spacing.
Package microtype Info: No adjustment of character kerning.

(/usr/share/texlive/texmf-dist/tex/latex/microtype/mt-ppl.cfg
File: mt-ppl.cfg 2005/11/16 v1.6 microtype config. file: Palatino (RS)
)
\AtBeginShipoutBox=\box60
Package hyperref Info: Link coloring ON on input line 70.

(/usr/share/texlive/texmf-dist/tex/latex/hyperref/nameref.sty
Package: nameref 2019/09/16 v2.46 Cross-referencing by name of section

(/usr/share/texlive/texmf-dist/tex/latex/refcount/refcount.sty
Package: refcount 2019/12/15 v3.6 Data extraction from label references (HO)
)
(/usr/share/texlive/texmf-dist/tex/generic/gettitlestring/gettitlestring.sty
Package: gettitlestring 2019/12/15 v1.6 Cleanup title references (HO)
)
\c@section@level=\count444
)
LaTeX Info: Redefining \ref on input line 70.
LaTeX Info: Redefining \pageref on input line 70.
LaTeX Info: Redefining \nameref on input line 70.

(./main.out) (./main.out)
\@outlinefile=\write4
\openout4 = `main.out'.

Class scrreprt Info: loading recommended package `bookmark'.
(scrreprt)           Using `bookmark' together with `hyperref' is recommended,
(scrreprt)           because of handling of possible bookmark level gaps.
(scrreprt)           You can avoid loading `bookmark' with KOMA-Script option
(scrreprt)           `bookmarkpackage=false' before \begin{document} and
(scrreprt)           you can avoid this message adding:
(scrreprt)             \usepackage{bookmark}
(scrreprt)           before \begin{document} on input line 70.

(/usr/share/texlive/texmf-dist/tex/latex/bookmark/bookmark.sty
Package: bookmark 2019/12/03 v1.28 PDF bookmarks (HO)

(/usr/share/texlive/texmf-dist/tex/latex/bookmark/bkm-pdftex.def
File: bkm-pdftex.def 2019/12/03 v1.28 bookmark driver for pdfTeX (HO)
Package auxhook Info: \AddLineBeginMainAux comes a little late,
(auxhook)             because the main .aux file is already opened on input lin
e 168.
\BKM@id=\count445
))
Package biblatex Info: Trying to load language 'english'...
Package biblatex Info: ... file 'english.lbx' found.

(/usr/share/texlive/texmf-dist/tex/latex/biblatex/lbx/english.lbx
File: english.lbx 2019/12/01 v3.14 biblatex localization (PK/MW)
)
Package biblatex Info: Input encoding 'utf8' detected.
Package biblatex Info: Automatic encoding selection.
(biblatex)             Assuming data encoding 'utf8'.
\openout3 = `main.bcf'.

Package biblatex Info: Trying to load bibliographic data...
Package biblatex Info: ... file 'main.bbl' found.
 (./main.bbl)
Package biblatex Info: Reference section=0 on input line 70.
Package biblatex Info: Reference segment=0 on input line 70.
(./front/titlepage.tex
LaTeX Font Info:    Trying to load font information for T1+iwona on input line 
13.

(/usr/share/texlive/texmf-dist/tex/latex/iwona/t1iwona.fd
File: t1iwona.fd 2008/07/22 v0.995 font definition file for T1/iwona (MW)
)
Package microtype Info: Loading generic protrusion settings for font family
(microtype)             `iwona' (encoding: T1).
(microtype)             For optimal results, create family-specific settings.
(microtype)             See the microtype manual for details.
LaTeX Font Info:    Trying to load font information for U+zeur on input line 13
.

(/usr/share/texlive/texmf-dist/tex/latex/eulervm/uzeur.fd
File: uzeur.fd 2005/01/11 v4.0 (WaS)
)
(/usr/share/texlive/texmf-dist/tex/latex/microtype/mt-eur.cfg
File: mt-eur.cfg 2006/07/31 v1.1 microtype config. file: AMS Euler Roman (RS)
)
LaTeX Font Info:    Trying to load font information for U+zeus on input line 13
.

(/usr/share/texlive/texmf-dist/tex/latex/eulervm/uzeus.fd
File: uzeus.fd 2005/01/11 v4.0 (WaS)
)
(/usr/share/texlive/texmf-dist/tex/latex/microtype/mt-eus.cfg
File: mt-eus.cfg 2006/07/28 v1.2 microtype config. file: AMS Euler Script (RS)
)
LaTeX Font Info:    Trying to load font information for U+zeuex on input line 1
3.

(/usr/share/texlive/texmf-dist/tex/latex/eulervm/uzeuex.fd
File: uzeuex.fd 2005/01/11 v4.0 (WaS)
)
(/usr/share/texlive/texmf-dist/tex/latex/microtype/mt-msa.cfg
File: mt-msa.cfg 2006/02/04 v1.1 microtype config. file: AMS symbols (a) (RS)
)
(/usr/share/texlive/texmf-dist/tex/latex/microtype/mt-msb.cfg
File: mt-msb.cfg 2005/06/01 v1.0 microtype config. file: AMS symbols (b) (RS)
)
LaTeX Font Info:    Trying to load font information for OT1+zplm on input line 
13.

(/usr/share/texlive/texmf-dist/tex/latex/psnfss/ot1zplm.fd
File: ot1zplm.fd 2002/09/08 Fontinst v1.914 font definitions for OT1/zplm.
)
Package microtype Info: Loading generic protrusion settings for font family
(microtype)             `zplm' (encoding: OT1).
(microtype)             For optimal results, create family-specific settings.
(microtype)             See the microtype manual for details.
 [1



{/var/lib/texmf/fonts/map/pdftex/updmap/pdftex.map}]) (./front/colophon.tex
LaTeX Font Info:    Font shape `U/ccicons/m/n' will be
(Font)              scaled to size 10.95pt on input line 10.
LaTeX Font Info:    Trying to load font information for T1+fvm on input line 12
.

(/usr/share/texlive/texmf-dist/tex/latex/bera/t1fvm.fd
File: t1fvm.fd 2004/09/07 scalable font definitions for T1/fvm.
)
LaTeX Font Info:    Font shape `T1/fvm/m/n' will be
(Font)              scaled to size 9.30756pt on input line 12.
Package microtype Info: Loading generic protrusion settings for font family
(microtype)             `fvm' (encoding: T1).
(microtype)             For optimal results, create family-specific settings.
(microtype)             See the microtype manual for details.
) [2]
(./front/dedication.tex) [3


] (./front/preface.tex) (./front/contents.tex
[4




]
Package tocbasic Info: character protrusion at toc deactivated on input line 10
.
 (./main.toc
Package microtype Info: Character `029' is missing
(microtype)             in font `T1/pplj/m/sc/10.95'.
(microtype)             Ignoring protrusion settings for this character.
 [5


])
\tf@toc=\write5
\openout5 = `main.toc'.


1: section
1: chapter
1: chapter
1: section
[6]
Package tocbasic Info: character protrusion at lof deactivated on input line 30
.
 (./main.lof
Overfull \hbox (15.23543pt too wide) in paragraph at lines 28--28
 [][] []\T1/pplj/m/n/10.95 An ex-am-ple of an ar-ray with el-e-ments and in-dex
es []  
 []


Overfull \hbox (4.18686pt too wide) in paragraph at lines 40--40
 [][] []\T1/pplj/m/n/10.95 In a stack only the el-e-ment at the top is mod-i-fi
ed []  
 []


Overfull \hbox (5.45705pt too wide) in paragraph at lines 86--86
 [][] []\T1/pplj/m/n/10.95 The depth-first search and the breath-first search [
]  
 []

[7

])
\tf@lof=\write6
\openout6 = `main.lof'.

Package tocbasic Info: character protrusion at lot deactivated on input line 41
.
 (./main.lot)
\tf@lot=\write7
\openout7 = `main.lot'.

 (./main.lol)
\tf@lol=\write8
\openout8 = `main.lol'.

) [8] (./chapters/introduction/introduction.tex
Chapter 1.
\c@definition=\count446
\c@example=\count447
Package microtype Info: Character `029' is missing
(microtype)             in font `T1/iwona/m/sc/14.4'.
(microtype)             Ignoring protrusion settings for this character.
LaTeX Font Info:    Trying to load font information for U+fplmbb on input line 
17.
(/usr/share/texlive/texmf-dist/tex/latex/psnfss/ufplmbb.fd
File: ufplmbb.fd 2003/10/30 Fontinst v1.914 font definitions for U/fplmbb.
)
Package microtype Info: Character `029' is missing
(microtype)             in font `T1/iwona/b/sc/10.95'.
(microtype)             Ignoring protrusion settings for this character.
 [1




]
<chapters/introduction/images/big_o_plots.png, id=290, 1204.5pt x 758.835pt>
File: chapters/introduction/images/big_o_plots.png Graphic file (type png)
<use chapters/introduction/images/big_o_plots.png>
Package pdftex.def Info: chapters/introduction/images/big_o_plots.png  used on 
input line 55.
(pdftex.def)             Requested size: 361.35278pt x 227.65225pt.
LaTeX Font Info:    Font shape `T1/fvm/m/n' will be
(Font)              scaled to size 8.50006pt on input line 64.
 [2 <./chapters/introduction/images/big_o_plots.png (PNG copy)>]
<chapters/introduction/images/recursion_1.pdf, id=305, 301.59921pt x 139.4185pt
>
File: chapters/introduction/images/recursion_1.pdf Graphic file (type pdf)
<use chapters/introduction/images/recursion_1.pdf>
Package pdftex.def Info: chapters/introduction/images/recursion_1.pdf  used on 
input line 87.
(pdftex.def)             Requested size: 180.9609pt x 83.65173pt.
 [3 <./chapters/introduction/images/recursion_1.pdf>]
<chapters/introduction/images/factorial.pdf, id=332, 486.54211pt x 375.57637pt>

File: chapters/introduction/images/factorial.pdf Graphic file (type pdf)
<use chapters/introduction/images/factorial.pdf>
Package pdftex.def Info: chapters/introduction/images/factorial.pdf  used on in
put line 129.
(pdftex.def)             Requested size: 291.92752pt x 225.34755pt.
) (./chapters/datastructures/datastructures.tex
Chapter 2.
[4 <./chapters/introduction/images/factorial.pdf>]
<chapters/datastructures/images/array_1.pdf, id=369, 409.71968pt x 105.27519pt>

File: chapters/datastructures/images/array_1.pdf Graphic file (type pdf)
<use chapters/datastructures/images/array_1.pdf>
Package pdftex.def Info: chapters/datastructures/images/array_1.pdf  used on in
put line 14.
(pdftex.def)             Requested size: 245.8337pt x 63.16559pt.
 [5


]
<chapters/datastructures/images/array_2.pdf, id=383, 534.91182pt x 318.67087pt>

File: chapters/datastructures/images/array_2.pdf Graphic file (type pdf)
<use chapters/datastructures/images/array_2.pdf>
Package pdftex.def Info: chapters/datastructures/images/array_2.pdf  used on in
put line 25.
(pdftex.def)             Requested size: 320.94955pt x 191.20398pt.
<chapters/datastructures/images/linked_list_1.pdf, id=386, 412.56496pt x 219.08
621pt>
File: chapters/datastructures/images/linked_list_1.pdf Graphic file (type pdf)
<use chapters/datastructures/images/linked_list_1.pdf>
Package pdftex.def Info: chapters/datastructures/images/linked_list_1.pdf  used
 on input line 35.
(pdftex.def)             Requested size: 247.54088pt x 131.45273pt.
 [6 <./chapters/datastructures/images/array_1.pdf> <./chapters/datastructures/i
mages/array_2.pdf

pdfTeX warning: /usr/bin/pdflatex (file ./chapters/datastructures/images/array_
2.pdf): PDF inclusion: multiple pdfs with page group included in a single page
>]
<chapters/datastructures/images/linked_list_2.pdf, id=407, 503.61377pt x 327.20
67pt>
File: chapters/datastructures/images/linked_list_2.pdf Graphic file (type pdf)
<use chapters/datastructures/images/linked_list_2.pdf>
Package pdftex.def Info: chapters/datastructures/images/linked_list_2.pdf  used
 on input line 45.
(pdftex.def)             Requested size: 302.1706pt x 196.32552pt.
<chapters/datastructures/images/linked_list_3.pdf, id=408, 372.73111pt x 315.82
558pt>
File: chapters/datastructures/images/linked_list_3.pdf Graphic file (type pdf)
<use chapters/datastructures/images/linked_list_3.pdf>
Package pdftex.def Info: chapters/datastructures/images/linked_list_3.pdf  used
 on input line 53.
(pdftex.def)             Requested size: 223.64038pt x 189.4968pt.
 [7 <./chapters/datastructures/images/linked_list_1.pdf> <./chapters/datastruct
ures/images/linked_list_2.pdf

pdfTeX warning: /usr/bin/pdflatex (file ./chapters/datastructures/images/linked
_list_2.pdf): PDF inclusion: multiple pdfs with page group included in a single
 page
>]
<chapters/datastructures/images/linked_list_4.pdf, id=429, 404.02913pt x 149.37
697pt>
File: chapters/datastructures/images/linked_list_4.pdf Graphic file (type pdf)
<use chapters/datastructures/images/linked_list_4.pdf>
Package pdftex.def Info: chapters/datastructures/images/linked_list_4.pdf  used
 on input line 62.
(pdftex.def)             Requested size: 242.41933pt x 89.62686pt.

Overfull \hbox (5.50412pt too wide) in paragraph at lines 58--66
[]\T1/pplj/m/n/10.95 The com-plex-ity for adding or re-mov-ing an el-e-ment is 
con-stant $\U/zeur/m/n/10.95 O\U/zeus/m/n/10.95 \U/zeur/m/n/10.95 1\U/zeus/m/n
/10.95 $\T1/pplj/m/n/10.95 . Linked
 []

[8 <./chapters/datastructures/images/linked_list_3.pdf> <./chapters/datastructu
res/images/linked_list_4.pdf

pdfTeX warning: /usr/bin/pdflatex (file ./chapters/datastructures/images/linked
_list_4.pdf): PDF inclusion: multiple pdfs with page group included in a single
 page
>]
LaTeX Font Info:    Trying to load font information for TS1+pplj on input line 
123.
 (/usr/share/texlive/texmf-dist/tex/latex/psnfss/ts1pplj.fd
File: ts1pplj.fd 2004/09/06 font definitions for TS1/pplj.
)
<chapters/datastructures/images/stack_1.pdf, id=463, 438.17244pt x 194.90138pt>

File: chapters/datastructures/images/stack_1.pdf Graphic file (type pdf)
<use chapters/datastructures/images/stack_1.pdf>
Package pdftex.def Info: chapters/datastructures/images/stack_1.pdf  used on in
put line 129.
(pdftex.def)             Requested size: 262.90549pt x 116.94171pt.
 [9] [10 <./chapters/datastructures/images/stack_1.pdf>]
Overfull \hbox (4.49666pt too wide) in paragraph at lines 175--176
\T1/pplj/m/n/10.95 For adding and re-mov-ing op-er-a-tions the com-plex-ity re-
main con-stant. Queues
 []

<chapters/datastructures/images/queue_1.pdf, id=545, 551.98347pt x 291.64075pt>

File: chapters/datastructures/images/queue_1.pdf Graphic file (type pdf)
<use chapters/datastructures/images/queue_1.pdf>
Package pdftex.def Info: chapters/datastructures/images/queue_1.pdf  used on in
put line 181.
(pdftex.def)             Requested size: 331.19264pt x 174.9858pt.
<chapters/datastructures/images/queue_2.pdf, id=546, 540.60239pt x 283.10492pt>

File: chapters/datastructures/images/queue_2.pdf Graphic file (type pdf)
<use chapters/datastructures/images/queue_2.pdf>
Package pdftex.def Info: chapters/datastructures/images/queue_2.pdf  used on in
put line 191.
(pdftex.def)             Requested size: 324.36392pt x 169.86426pt.
[11 <./chapters/datastructures/images/queue_1.pdf> <./chapters/datastructures/i
mages/queue_2.pdf

pdfTeX warning: /usr/bin/pdflatex (file ./chapters/datastructures/images/queue_
2.pdf): PDF inclusion: multiple pdfs with page group included in a single page
>]
<chapters/datastructures/images/queue_3.pdf, id=567, 349.96889pt x 143.68642pt>

File: chapters/datastructures/images/queue_3.pdf Graphic file (type pdf)
<use chapters/datastructures/images/queue_3.pdf>
Package pdftex.def Info: chapters/datastructures/images/queue_3.pdf  used on in
put line 201.
(pdftex.def)             Requested size: 209.98294pt x 86.2125pt.

Overfull \hbox (5.35445pt too wide) in paragraph at lines 228--229
\T1/pplj/m/n/10.95 type com-posed of a col-lec-tion of (key, value) pairs [[][]
14[][]] ([][]Hash Map, Wikipedia[][]).
 []

<chapters/datastructures/images/map_1.pdf, id=572, 287.37285pt x 109.5431pt>
File: chapters/datastructures/images/map_1.pdf Graphic file (type pdf)
<use chapters/datastructures/images/map_1.pdf>
Package pdftex.def Info: chapters/datastructures/images/map_1.pdf  used on inpu
t line 232.
(pdftex.def)             Requested size: 172.42502pt x 65.72635pt.
[12 <./chapters/datastructures/images/queue_3.pdf>]
<chapters/datastructures/images/map_2.pdf, id=603, 514.99487pt x 352.81418pt>
File: chapters/datastructures/images/map_2.pdf Graphic file (type pdf)
<use chapters/datastructures/images/map_2.pdf>
Package pdftex.def Info: chapters/datastructures/images/map_2.pdf  used on inpu
t line 250.
(pdftex.def)             Requested size: 308.9993pt x 211.69012pt.
 [13 <./chapters/datastructures/images/map_1.pdf>] [14 <./chapters/datastructur
es/images/map_2.pdf>]
Overfull \hbox (0.79303pt too wide) in paragraph at lines 267--268
[]\T1/pplj/m/n/10.95 The hash func-tion of this im-ple-men-ta-tion is: $\U/zeur
/m/n/10.95 Hash Function \U/zeus/m/n/10.95  \U/zeur/m/n/10.95 ASCII\U/zeus/m/
n/10.95 \U/zeur/m/n/10.95 0\U/zeus/m/n/10.95  ^^C
 []

) (./chapters/searchandsorting/searchandsorting.tex
Chapter 3.
[15]
<chapters/searchandsorting/images/sorting_1.pdf, id=662, 369.88583pt x 119.5015
7pt>
File: chapters/searchandsorting/images/sorting_1.pdf Graphic file (type pdf)
<use chapters/searchandsorting/images/sorting_1.pdf>
Package pdftex.def Info: chapters/searchandsorting/images/sorting_1.pdf  used o
n input line 9.
(pdftex.def)             Requested size: 221.9332pt x 71.70148pt.
<chapters/searchandsorting/images/sorting_2.pdf, id=666, 540.60239pt x 369.8858
3pt>
File: chapters/searchandsorting/images/sorting_2.pdf Graphic file (type pdf)
<use chapters/searchandsorting/images/sorting_2.pdf>
Package pdftex.def Info: chapters/searchandsorting/images/sorting_2.pdf  used o
n input line 22.
(pdftex.def)             Requested size: 324.36392pt x 221.9332pt.
 [16


 <./chapters/searchandsorting/images/sorting_1.pdf>] [17 <./chapters/searchands
orting/images/sorting_2.pdf>]
<chapters/searchandsorting/images/sorting_3.pdf, id=756, 324.3614pt x 204.85983
pt>
File: chapters/searchandsorting/images/sorting_3.pdf Graphic file (type pdf)
<use chapters/searchandsorting/images/sorting_3.pdf>
Package pdftex.def Info: chapters/searchandsorting/images/sorting_3.pdf  used o
n input line 75.
(pdftex.def)             Requested size: 194.61833pt x 122.91684pt.
<chapters/searchandsorting/images/sorting_4.pdf, id=759, 543.44762pt x 369.8858
3pt>
File: chapters/searchandsorting/images/sorting_4.pdf Graphic file (type pdf)
<use chapters/searchandsorting/images/sorting_4.pdf>
Package pdftex.def Info: chapters/searchandsorting/images/sorting_4.pdf  used o
n input line 86.
(pdftex.def)             Requested size: 326.07108pt x 221.9332pt.
 [18 <./chapters/searchandsorting/images/sorting_3.pdf>]
<chapters/searchandsorting/images/sorting_5.pdf, id=784, 543.44762pt x 372.7311
1pt>
File: chapters/searchandsorting/images/sorting_5.pdf Graphic file (type pdf)
<use chapters/searchandsorting/images/sorting_5.pdf>
Package pdftex.def Info: chapters/searchandsorting/images/sorting_5.pdf  used o
n input line 94.
(pdftex.def)             Requested size: 326.07108pt x 223.64038pt.
 [19 <./chapters/searchandsorting/images/sorting_4.pdf> <./chapters/searchandso
rting/images/sorting_5.pdf

pdfTeX warning: /usr/bin/pdflatex (file ./chapters/searchandsorting/images/sort
ing_5.pdf): PDF inclusion: multiple pdfs with page group included in a single p
age
>]
<chapters/searchandsorting/images/sorting_6.pdf, id=804, 514.99487pt x 372.7311
1pt>
File: chapters/searchandsorting/images/sorting_6.pdf Graphic file (type pdf)
<use chapters/searchandsorting/images/sorting_6.pdf>
Package pdftex.def Info: chapters/searchandsorting/images/sorting_6.pdf  used o
n input line 130.
(pdftex.def)             Requested size: 267.79887pt x 193.82127pt.
 [20 <./chapters/searchandsorting/images/sorting_6.pdf>] [21]
<chapters/searchandsorting/images/sorting_7.pdf, id=836, 549.13818pt x 375.5763
7pt>
File: chapters/searchandsorting/images/sorting_7.pdf Graphic file (type pdf)
<use chapters/searchandsorting/images/sorting_7.pdf>
Package pdftex.def Info: chapters/searchandsorting/images/sorting_7.pdf  used o
n input line 216.
(pdftex.def)             Requested size: 329.48544pt x 225.34755pt.
 [22]
<chapters/searchandsorting/images/sorting_8.pdf, id=879, 549.13818pt x 375.5763
7pt>
File: chapters/searchandsorting/images/sorting_8.pdf Graphic file (type pdf)
<use chapters/searchandsorting/images/sorting_8.pdf>
Package pdftex.def Info: chapters/searchandsorting/images/sorting_8.pdf  used o
n input line 226.
(pdftex.def)             Requested size: 329.48544pt x 225.34755pt.
<chapters/searchandsorting/images/sorting_9.pdf, id=880, 549.13818pt x 307.2897
5pt>
File: chapters/searchandsorting/images/sorting_9.pdf Graphic file (type pdf)
<use chapters/searchandsorting/images/sorting_9.pdf>
Package pdftex.def Info: chapters/searchandsorting/images/sorting_9.pdf  used o
n input line 234.
(pdftex.def)             Requested size: 329.48544pt x 184.37527pt.
 [23 <./chapters/searchandsorting/images/sorting_7.pdf> <./chapters/searchandso
rting/images/sorting_8.pdf

pdfTeX warning: /usr/bin/pdflatex (file ./chapters/searchandsorting/images/sort
ing_8.pdf): PDF inclusion: multiple pdfs with page group included in a single p
age
>]
<chapters/searchandsorting/images/sorting_10.pdf, id=903, 369.88583pt x 110.965
74pt>
File: chapters/searchandsorting/images/sorting_10.pdf Graphic file (type pdf)
<use chapters/searchandsorting/images/sorting_10.pdf>
Package pdftex.def Info: chapters/searchandsorting/images/sorting_10.pdf  used 
on input line 255.
(pdftex.def)             Requested size: 221.9332pt x 66.57994pt.
 [24 <./chapters/searchandsorting/images/sorting_9.pdf>]
<chapters/searchandsorting/images/sorting_11.pdf, id=915, 318.67087pt x 65.4413
5pt>
File: chapters/searchandsorting/images/sorting_11.pdf Graphic file (type pdf)
<use chapters/searchandsorting/images/sorting_11.pdf>
Package pdftex.def Info: chapters/searchandsorting/images/sorting_11.pdf  used 
on input line 265.
(pdftex.def)             Requested size: 191.20398pt x 39.26509pt.
 [25 <./chapters/searchandsorting/images/sorting_10.pdf> <./chapters/searchands
orting/images/sorting_11.pdf

pdfTeX warning: /usr/bin/pdflatex (file ./chapters/searchandsorting/images/sort
ing_11.pdf): PDF inclusion: multiple pdfs with page group included in a single 
page
>]
<chapters/searchandsorting/images/sorting_12.pdf, id=942, 549.13818pt x 372.731
11pt>
File: chapters/searchandsorting/images/sorting_12.pdf Graphic file (type pdf)
<use chapters/searchandsorting/images/sorting_12.pdf>
Package pdftex.def Info: chapters/searchandsorting/images/sorting_12.pdf  used 
on input line 328.
(pdftex.def)             Requested size: 329.48544pt x 223.64038pt.
) (./chapters/trees/trees.tex
Chapter 4.
[26] [27 <./chapters/searchandsorting/images/sorting_12.pdf>]
<chapters/trees/images/trees_1.pdf, id=993, 418.2555pt x 293.06339pt>
File: chapters/trees/images/trees_1.pdf Graphic file (type pdf)
<use chapters/trees/images/trees_1.pdf>
Package pdftex.def Info: chapters/trees/images/trees_1.pdf  used on input line 
10.
(pdftex.def)             Requested size: 250.95523pt x 175.83939pt.
<chapters/trees/images/trees_2.pdf, id=996, 364.19528pt x 239.00314pt>
File: chapters/trees/images/trees_2.pdf Graphic file (type pdf)
<use chapters/trees/images/trees_2.pdf>
Package pdftex.def Info: chapters/trees/images/trees_2.pdf  used on input line 
20.
(pdftex.def)             Requested size: 218.51886pt x 143.40298pt.
 [28


 <./chapters/trees/images/trees_1.pdf>]
<chapters/trees/images/trees_3.pdf, id=1011, 551.98347pt x 321.51616pt>
File: chapters/trees/images/trees_3.pdf Graphic file (type pdf)
<use chapters/trees/images/trees_3.pdf>
Package pdftex.def Info: chapters/trees/images/trees_3.pdf  used on input line 
31.
(pdftex.def)             Requested size: 331.19264pt x 192.91118pt.
<chapters/trees/images/trees_4.pdf, id=1013, 551.98347pt x 281.68228pt>
File: chapters/trees/images/trees_4.pdf Graphic file (type pdf)
<use chapters/trees/images/trees_4.pdf>
Package pdftex.def Info: chapters/trees/images/trees_4.pdf  used on input line 
42.
(pdftex.def)             Requested size: 331.19264pt x 169.01067pt.
 [29 <./chapters/trees/images/trees_2.pdf> <./chapters/trees/images/trees_3.pdf


pdfTeX warning: /usr/bin/pdflatex (file ./chapters/trees/images/trees_3.pdf): P
DF inclusion: multiple pdfs with page group included in a single page
>]
<chapters/trees/images/trees_5.pdf, id=1033, 244.6937pt x 236.15787pt>
File: chapters/trees/images/trees_5.pdf Graphic file (type pdf)
<use chapters/trees/images/trees_5.pdf>
Package pdftex.def Info: chapters/trees/images/trees_5.pdf  used on input line 
55.
(pdftex.def)             Requested size: 146.81735pt x 141.6958pt.
<chapters/trees/images/trees_6.pdf, id=1034, 244.6937pt x 236.15787pt>
File: chapters/trees/images/trees_6.pdf Graphic file (type pdf)
<use chapters/trees/images/trees_6.pdf>
Package pdftex.def Info: chapters/trees/images/trees_6.pdf  used on input line 
66.
(pdftex.def)             Requested size: 146.81735pt x 141.6958pt.
 [30 <./chapters/trees/images/trees_4.pdf> <./chapters/trees/images/trees_5.pdf


pdfTeX warning: /usr/bin/pdflatex (file ./chapters/trees/images/trees_5.pdf): P
DF inclusion: multiple pdfs with page group included in a single page
>]
<chapters/trees/images/trees_7.pdf, id=1065, 244.6937pt x 236.15787pt>
File: chapters/trees/images/trees_7.pdf Graphic file (type pdf)
<use chapters/trees/images/trees_7.pdf>
Package pdftex.def Info: chapters/trees/images/trees_7.pdf  used on input line 
77.
(pdftex.def)             Requested size: 146.81735pt x 141.6958pt.
<chapters/trees/images/trees_8.pdf, id=1066, 244.6937pt x 202.01457pt>
File: chapters/trees/images/trees_8.pdf Graphic file (type pdf)
<use chapters/trees/images/trees_8.pdf>
Package pdftex.def Info: chapters/trees/images/trees_8.pdf  used on input line 
90.
(pdftex.def)             Requested size: 146.81735pt x 121.20967pt.
 [31 <./chapters/trees/images/trees_6.pdf> <./chapters/trees/images/trees_7.pdf


pdfTeX warning: /usr/bin/pdflatex (file ./chapters/trees/images/trees_7.pdf): P
DF inclusion: multiple pdfs with page group included in a single page
>]
<chapters/trees/images/trees_9.pdf, id=1099, 392.64803pt x 273.14645pt>
File: chapters/trees/images/trees_9.pdf Graphic file (type pdf)
<use chapters/trees/images/trees_9.pdf>
Package pdftex.def Info: chapters/trees/images/trees_9.pdf  used on input line 
106.
(pdftex.def)             Requested size: 235.59062pt x 163.88913pt.
 [32 <./chapters/trees/images/trees_8.pdf> <./chapters/trees/images/trees_9.pdf


pdfTeX warning: /usr/bin/pdflatex (file ./chapters/trees/images/trees_9.pdf): P
DF inclusion: multiple pdfs with page group included in a single page
>]
<chapters/trees/images/trees_10.pdf, id=1123, 324.3614pt x 273.14645pt>
File: chapters/trees/images/trees_10.pdf Graphic file (type pdf)
<use chapters/trees/images/trees_10.pdf>
Package pdftex.def Info: chapters/trees/images/trees_10.pdf  used on input line
 117.
(pdftex.def)             Requested size: 194.61833pt x 163.88913pt.
<chapters/trees/images/trees_11.pdf, id=1124, 600.35315pt x 210.5504pt>
File: chapters/trees/images/trees_11.pdf Graphic file (type pdf)
<use chapters/trees/images/trees_11.pdf>
Package pdftex.def Info: chapters/trees/images/trees_11.pdf  used on input line
 128.
(pdftex.def)             Requested size: 360.21466pt x 126.3312pt.
) [33 <./chapters/trees/images/trees_10.pdf> <./chapters/trees/images/trees_11.
pdf

pdfTeX warning: /usr/bin/pdflatex (file ./chapters/trees/images/trees_11.pdf): 
PDF inclusion: multiple pdfs with page group included in a single page
>]
Overfull \hbox (2.89244pt too wide) in paragraph at lines 91--91
[]\T1/pplj/m/n/10.95 Wikipedia. \T1/pplj/m/it/10.95 Set\T1/pplj/m/n/10.95 . \T1
/pplj/m/sc/10.95 url\T1/pplj/m/n/10.95 : [][]$\T1/fvm/m/n/10.95 https : / / en 
. wikipedia . org / wiki / Set _ (abstract _
 []


Overfull \hbox (21.97382pt too wide) in paragraph at lines 91--91
[]\T1/pplj/m/n/10.95 Wikipedia. \T1/pplj/m/it/10.95 Hash map\T1/pplj/m/n/10.95 
. \T1/pplj/m/sc/10.95 url\T1/pplj/m/n/10.95 : [][]$\T1/fvm/m/n/10.95 https : / 
/ en . wikipedia . org / wiki / Associative _
 []

[34



]
Overfull \hbox (6.25934pt too wide) in paragraph at lines 91--91
[]\T1/pplj/m/n/10.95 Wikipedia. \T1/pplj/m/it/10.95 Quick-sort\T1/pplj/m/n/10.9
5 . \T1/pplj/m/sc/10.95 url\T1/pplj/m/n/10.95 : [][]$\T1/fvm/m/n/10.95 https : 
/ / en . wikipedia . org / wiki / Quicksort$[][]\T1/pplj/m/n/10.95 . 
 []


Overfull \hbox (11.2654pt too wide) in paragraph at lines 91--91
[]\T1/pplj/m/n/10.95 Wikipedia. \T1/pplj/m/it/10.95 Quick-sort python im-ple-me
n-ta-tion\T1/pplj/m/n/10.95 . \T1/pplj/m/sc/10.95 url\T1/pplj/m/n/10.95 : [][]$
\T1/fvm/m/n/10.95 https : / / www . educative .
 []

[35]
Package atveryend Info: Empty hook `BeforeClearDocument' on input line 92.
Package atveryend Info: Empty hook `AfterLastShipout' on input line 92.
 (./main.aux)
Package atveryend Info: Executing hook `AtVeryEndDocument' on input line 92.
Package atveryend Info: Executing hook `AtEndAfterFileList' on input line 92.
Package rerunfilecheck Info: File `main.out' has not changed.
(rerunfilecheck)             Checksum: D41D8CD98F00B204E9800998ECF8427E;0.
Package logreq Info: Writing requests to 'main.run.xml'.
\openout1 = `main.run.xml'.

Package atveryend Info: Empty hook `AtVeryVeryEnd' on input line 92.
 ) 
Here is how much of TeX's memory you used:
 28043 strings out of 481239
 517661 string characters out of 5920377
 1476460 words of memory out of 5000000
 42297 multiletter control sequences out of 15000+600000
 645769 words of font info for 160 fonts, out of 8000000 for 9000
 1141 hyphenation exceptions out of 8191
 68i,23n,93p,10099b,3709s stack positions out of 5000i,500n,10000p,200000b,80000s
{/usr/share/texlive/texmf-dist/fonts/enc/dvips/base/8r.enc}{/usr/share/texliv
e/texmf-dist/fonts/enc/dvips/iwona/ec-iwona.enc}{/usr/share/texlive/texmf-dist/
fonts/enc/dvips/iwona/ec-iwona-sc.enc}</usr/share/texlive/texmf-dist/fonts/type
1/public/ccicons/ccicons.pfb></usr/share/texlive/texmf-dist/fonts/type1/public/
amsfonts/cm/cmsy10.pfb></usr/share/texlive/texmf-dist/fonts/type1/public/amsfon
ts/cm/cmsy7.pfb></usr/share/texlive/texmf-dist/fonts/type1/public/amsfonts/eule
r/euex10.pfb></usr/share/texlive/texmf-dist/fonts/type1/public/amsfonts/euler/e
ufm10.pfb></usr/share/texlive/texmf-dist/fonts/type1/public/amsfonts/euler/eufm
7.pfb></usr/share/texlive/texmf-dist/fonts/type1/public/amsfonts/euler/eurb10.p
fb></usr/share/texlive/texmf-dist/fonts/type1/public/amsfonts/euler/eurm10.pfb>
</usr/share/texlive/texmf-dist/fonts/type1/public/amsfonts/euler/eurm7.pfb></us
r/share/texlive/texmf-dist/fonts/type1/public/amsfonts/euler/eusm10.pfb></usr/s
hare/texlive/texmf-dist/fonts/type1/public/fpl/fplbj8a.pfb></usr/share/texlive/
texmf-dist/fonts/type1/public/mathpazo/fplmbb.pfb></usr/share/texlive/texmf-dis
t/fonts/type1/public/fpl/fplrc8a.pfb></usr/share/texlive/texmf-dist/fonts/type1
/public/bera/fvmr8a.pfb></usr/share/texlive/texmf-dist/fonts/type1/nowacki/iwon
a/iwonab.pfb></usr/share/texlive/texmf-dist/fonts/type1/nowacki/iwona/iwonar.pf
b></usr/share/texlive/texmf-dist/fonts/type1/public/amsfonts/symbols/msam10.pfb
></usr/share/texlive/texmf-dist/fonts/type1/urw/palatino/uplb8a.pfb></usr/share
/texlive/texmf-dist/fonts/type1/urw/palatino/uplbi8a.pfb></usr/share/texlive/te
xmf-dist/fonts/type1/urw/palatino/uplr8a.pfb></usr/share/texlive/texmf-dist/fon
ts/type1/urw/palatino/uplri8a.pfb></usr/share/texlive/texmf-dist/fonts/type1/ur
w/zapfding/uzdr.pfb>
Output written on main.pdf (43 pages, 822485 bytes).
PDF statistics:
 1532 PDF objects out of 1728 (max. 8388607)
 1299 compressed objects within 13 object streams
 423 named destinations out of 1000 (max. 500000)
 21623 words of extra memory for PDF output out of 24883 (max. 10000000)

